PhysicaloidLibrary/build/outputs/logs/manifest-merger-release-report.txt
-- Merging decision tree log ---
manifest
ADDED from RionRcu\PhysicaloidLibrary\AndroidManifest.xml:1:1-10:12
INJECTED from RionRcu\PhysicaloidLibrary\AndroidManifest.xml:1:1-10:12
INJECTED from RionRcu\PhysicaloidLibrary\AndroidManifest.xml:1:1-10:12
INJECTED from RionRcu\PhysicaloidLibrary\AndroidManifest.xml:1:1-10:12
INJECTED from RionRcu\PhysicaloidLibrary\AndroidManifest.xml:1:1-10:12
INJECTED from RionRcu\PhysicaloidLibrary\AndroidManifest.xml:1:1-10:12
INJECTED from RionRcu\PhysicaloidLibrary\AndroidManifest.xml:1:1-10:12
	package
		ADDED from RionRcu\PhysicaloidLibrary\AndroidManifest.xml:2:5-30
		INJECTED from RionRcu\PhysicaloidLibrary\AndroidManifest.xml
		INJECTED from RionRcu\PhysicaloidLibrary\AndroidManifest.xml
	android:versionName
		ADDED from RionRcu\PhysicaloidLibrary\AndroidManifest.xml:4:5-30
		INJECTED from RionRcu\PhysicaloidLibrary\AndroidManifest.xml
		INJECTED from RionRcu\PhysicaloidLibrary\AndroidManifest.xml
	xmlns:android
		ADDED from RionRcu\PhysicaloidLibrary\AndroidManifest.xml:1:11-69
	android:versionCode
		ADDED from RionRcu\PhysicaloidLibrary\AndroidManifest.xml:3:5-28
		INJECTED from RionRcu\PhysicaloidLibrary\AndroidManifest.xml
		INJECTED from RionRcu\PhysicaloidLibrary\AndroidManifest.xml
uses-sdk
ADDED from RionRcu\PhysicaloidLibrary\AndroidManifest.xml:6:5-8:41
INJECTED from RionRcu\PhysicaloidLibrary\AndroidManifest.xml:6:5-8:41
INJECTED from RionRcu\PhysicaloidLibrary\AndroidManifest.xml:6:5-8:41
INJECTED from RionRcu\PhysicaloidLibrary\AndroidManifest.xml:6:5-8:41
INJECTED from RionRcu\PhysicaloidLibrary\AndroidManifest.xml:6:5-8:41
	android:targetSdkVersion
		ADDED from RionRcu\PhysicaloidLibrary\AndroidManifest.xml:8:9-38
		INJECTED from RionRcu\PhysicaloidLibrary\AndroidManifest.xml
		INJECTED from RionRcu\PhysicaloidLibrary\AndroidManifest.xml
	android:minSdkVersion
		ADDED from RionRcu\PhysicaloidLibrary\AndroidManifest.xml:7:9-35
		INJECTED from RionRcu\PhysicaloidLibrary\AndroidManifest.xml
		INJECTED from RionRcu\PhysicaloidLibrary\AndroidManifest.xml